# JRE version: OpenJDK Runtime Environment Temurin-21.0.8+9 (21.0.8+9) (build 21.0.8+9-LTS)
# Java VM: OpenJDK 64-Bit Server VM Temurin-21.0.8+9 (21.0.8+9-LTS, mixed mode, sharing, tiered, compressed oops, compressed class ptrs, parallel gc, windows-amd64)
GC Precious Log:
 CardTable entry size: 512
 CPUs: 8 total, 8 available
 Memory: 8025M
 Large Page Support: Disabled
 NUMA Support: Disabled
 Compressed Oops: Enabled (32-bit)
 Alignments: Space 512K, Generation 512K, Heap 2M
 Heap Min Capacity: 100M
 Heap Initial Capacity: 100M
 Heap Max Capacity: 2G
 Pre-touch: Disabled
 Parallel Workers: 8
Heap:
 PSYoungGen      total 3072K, used 1444K [0x00000000d5580000, 0x00000000d5a00000, 0x0000000100000000)
  eden space 2560K, 47% used [0x00000000d5580000,0x00000000d56b13a8,0x00000000d5800000)
  from space 512K, 43% used [0x00000000d5980000,0x00000000d59b8000,0x00000000d5a00000)
  to   space 512K, 0% used [0x00000000d5900000,0x00000000d5900000,0x00000000d5980000)
 ParOldGen       total 824320K, used 824026K [0x0000000080000000, 0x00000000b2500000, 0x00000000d5580000)
  object space 824320K, 99% used [0x0000000080000000,0x00000000b24b6af0,0x00000000b2500000)
 Metaspace       used 68295K, committed 69888K, reserved 1114112K
  class space    used 6996K, committed 7680K, reserved 1048576K
GC Heap History (20 events):
Event: 59.461 GC heap before
{Heap before GC invocations=1294 (full 3):
 PSYoungGen      total 3584K, used 3573K [0x00000000d5580000, 0x00000000d5c80000, 0x0000000100000000)
  eden space 1536K, 100% used [0x00000000d5580000,0x00000000d5700000,0x00000000d5700000)
  from space 2048K, 99% used [0x00000000d5980000,0x00000000d5b7d7e0,0x00000000d5b80000)
  to   space 2560K, 0% used [0x00000000d5700000,0x00000000d5700000,0x00000000d5980000)
 ParOldGen       total 815616K, used 815253K [0x0000000080000000, 0x00000000b1c80000, 0x00000000d5580000)
  object space 815616K, 99% used [0x0000000080000000,0x00000000b1c25658,0x00000000b1c80000)
 Metaspace       used 68220K, committed 69824K, reserved 1114112K
  class space    used 6993K, committed 7680K, reserved 1048576K
}
Event: 59.464 GC heap after
{Heap after GC invocations=1294 (full 3):
 PSYoungGen      total 3072K, used 1536K [0x00000000d5580000, 0x00000000d5b00000, 0x0000000100000000)
  eden space 1536K, 0% used [0x00000000d5580000,0x00000000d5580000,0x00000000d5700000)
  from space 1536K, 100% used [0x00000000d5700000,0x00000000d5880000,0x00000000d5880000)
  to   space 2048K, 0% used [0x00000000d5900000,0x00000000d5900000,0x00000000d5b00000)
 ParOldGen       total 817664K, used 817180K [0x0000000080000000, 0x00000000b1e80000, 0x00000000d5580000)
  object space 817664K, 99% used [0x0000000080000000,0x00000000b1e07038,0x00000000b1e80000)
 Metaspace       used 68220K, committed 69824K, reserved 1114112K
  class space    used 6993K, committed 7680K, reserved 1048576K
}
Event: 59.475 GC heap before
{Heap before GC invocations=1295 (full 3):
 PSYoungGen      total 3072K, used 3072K [0x00000000d5580000, 0x00000000d5b00000, 0x0000000100000000)
  eden space 1536K, 100% used [0x00000000d5580000,0x00000000d5700000,0x00000000d5700000)
  from space 1536K, 100% used [0x00000000d5700000,0x00000000d5880000,0x00000000d5880000)
  to   space 2048K, 0% used [0x00000000d5900000,0x00000000d5900000,0x00000000d5b00000)
 ParOldGen       total 817664K, used 817180K [0x0000000080000000, 0x00000000b1e80000, 0x00000000d5580000)
  object space 817664K, 99% used [0x0000000080000000,0x00000000b1e07038,0x00000000b1e80000)
 Metaspace       used 68221K, committed 69824K, reserved 1114112K
  class space    used 6993K, committed 7680K, reserved 1048576K
}
Event: 59.478 GC heap after
{Heap after GC invocations=1295 (full 3):
 PSYoungGen      total 3584K, used 1504K [0x00000000d5580000, 0x00000000d5b00000, 0x0000000100000000)
  eden space 1536K, 0% used [0x00000000d5580000,0x00000000d5580000,0x00000000d5700000)
  from space 2048K, 73% used [0x00000000d5900000,0x00000000d5a78000,0x00000000d5b00000)
  to   space 2048K, 0% used [0x00000000d5700000,0x00000000d5700000,0x00000000d5900000)
 ParOldGen       total 818688K, used 818605K [0x0000000080000000, 0x00000000b1f80000, 0x00000000d5580000)
  object space 818688K, 99% used [0x0000000080000000,0x00000000b1f6b738,0x00000000b1f80000)
 Metaspace       used 68221K, committed 69824K, reserved 1114112K
  class space    used 6993K, committed 7680K, reserved 1048576K
}
Event: 59.484 GC heap before
{Heap before GC invocations=1296 (full 3):
 PSYoungGen      total 3584K, used 3040K [0x00000000d5580000, 0x00000000d5b00000, 0x0000000100000000)
  eden space 1536K, 100% used [0x00000000d5580000,0x00000000d5700000,0x00000000d5700000)
  from space 2048K, 73% used [0x00000000d5900000,0x00000000d5a78000,0x00000000d5b00000)
  to   space 2048K, 0% used [0x00000000d5700000,0x00000000d5700000,0x00000000d5900000)
 ParOldGen       total 818688K, used 818605K [0x0000000080000000, 0x00000000b1f80000, 0x00000000d5580000)
  object space 818688K, 99% used [0x0000000080000000,0x00000000b1f6b738,0x00000000b1f80000)
 Metaspace       used 68221K, committed 69824K, reserved 1114112K
  class space    used 6993K, committed 7680K, reserved 1048576K
}
Event: 59.488 GC heap after
{Heap after GC invocations=1296 (full 3):
 PSYoungGen      total 3584K, used 1504K [0x00000000d5580000, 0x00000000d5a80000, 0x0000000100000000)
  eden space 1536K, 0% used [0x00000000d5580000,0x00000000d5580000,0x00000000d5700000)
  from space 2048K, 73% used [0x00000000d5700000,0x00000000d5878000,0x00000000d5900000)
  to   space 1536K, 0% used [0x00000000d5900000,0x00000000d5900000,0x00000000d5a80000)
 ParOldGen       total 820224K, used 820034K [0x0000000080000000, 0x00000000b2100000, 0x00000000d5580000)
  object space 820224K, 99% used [0x0000000080000000,0x00000000b20d0b18,0x00000000b2100000)
 Metaspace       used 68221K, committed 69824K, reserved 1114112K
  class space    used 6993K, committed 7680K, reserved 1048576K
}
Event: 59.492 GC heap before
{Heap before GC invocations=1297 (full 3):
 PSYoungGen      total 3584K, used 3040K [0x00000000d5580000, 0x00000000d5a80000, 0x0000000100000000)
  eden space 1536K, 100% used [0x00000000d5580000,0x00000000d5700000,0x00000000d5700000)
  from space 2048K, 73% used [0x00000000d5700000,0x00000000d5878000,0x00000000d5900000)
  to   space 1536K, 0% used [0x00000000d5900000,0x00000000d5900000,0x00000000d5a80000)
 ParOldGen       total 820224K, used 820034K [0x0000000080000000, 0x00000000b2100000, 0x00000000d5580000)
  object space 820224K, 99% used [0x0000000080000000,0x00000000b20d0b18,0x00000000b2100000)
 Metaspace       used 68221K, committed 69824K, reserved 1114112K
  class space    used 6993K, committed 7680K, reserved 1048576K
}
Event: 59.495 GC heap after
{Heap after GC invocations=1297 (full 3):
 PSYoungGen      total 3584K, used 1440K [0x00000000d5580000, 0x00000000d5a80000, 0x0000000100000000)
  eden space 2048K, 0% used [0x00000000d5580000,0x00000000d5580000,0x00000000d5780000)
  from space 1536K, 93% used [0x00000000d5900000,0x00000000d5a68000,0x00000000d5a80000)
  to   space 1536K, 0% used [0x00000000d5780000,0x00000000d5780000,0x00000000d5900000)
 ParOldGen       total 821760K, used 821415K [0x0000000080000000, 0x00000000b2280000, 0x00000000d5580000)
  object space 821760K, 99% used [0x0000000080000000,0x00000000b2229df0,0x00000000b2280000)
 Metaspace       used 68221K, committed 69824K, reserved 1114112K
  class space    used 6993K, committed 7680K, reserved 1048576K
}
Event: 60.557 GC heap before
{Heap before GC invocations=1298 (full 3):
 PSYoungGen      total 3584K, used 3486K [0x00000000d5580000, 0x00000000d5a80000, 0x0000000100000000)
  eden space 2048K, 99% used [0x00000000d5580000,0x00000000d577f8b0,0x00000000d5780000)
  from space 1536K, 93% used [0x00000000d5900000,0x00000000d5a68000,0x00000000d5a80000)
  to   space 1536K, 0% used [0x00000000d5780000,0x00000000d5780000,0x00000000d5900000)
 ParOldGen       total 821760K, used 821415K [0x0000000080000000, 0x00000000b2280000, 0x00000000d5580000)
  object space 821760K, 99% used [0x0000000080000000,0x00000000b2229df0,0x00000000b2280000)
 Metaspace       used 68261K, committed 69824K, reserved 1114112K
  class space    used 6995K, committed 7680K, reserved 1048576K
}
Event: 61.560 GC heap after
{Heap after GC invocations=1298 (full 3):
 PSYoungGen      total 3584K, used 1126K [0x00000000d5580000, 0x00000000d5b00000, 0x0000000100000000)
  eden space 2048K, 0% used [0x00000000d5580000,0x00000000d5580000,0x00000000d5780000)
  from space 1536K, 73% used [0x00000000d5780000,0x00000000d5899bb8,0x00000000d5900000)
  to   space 1536K, 0% used [0x00000000d5980000,0x00000000d5980000,0x00000000d5b00000)
 ParOldGen       total 823296K, used 822815K [0x0000000080000000, 0x00000000b2400000, 0x00000000d5580000)
  object space 823296K, 99% used [0x0000000080000000,0x00000000b2387df0,0x00000000b2400000)
 Metaspace       used 68261K, committed 69824K, reserved 1114112K
  class space    used 6995K, committed 7680K, reserved 1048576K
}
Event: 61.595 GC heap before
{Heap before GC invocations=1299 (full 3):
 PSYoungGen      total 3584K, used 3171K [0x00000000d5580000, 0x00000000d5b00000, 0x0000000100000000)
  eden space 2048K, 99% used [0x00000000d5580000,0x00000000d577f098,0x00000000d5780000)
  from space 1536K, 73% used [0x00000000d5780000,0x00000000d5899bb8,0x00000000d5900000)
  to   space 1536K, 0% used [0x00000000d5980000,0x00000000d5980000,0x00000000d5b00000)
 ParOldGen       total 823296K, used 822815K [0x0000000080000000, 0x00000000b2400000, 0x00000000d5580000)
  object space 823296K, 99% used [0x0000000080000000,0x00000000b2387df0,0x00000000b2400000)
 Metaspace       used 68261K, committed 69824K, reserved 1114112K
  class space    used 6995K, committed 7680K, reserved 1048576K
}
Event: 61.597 GC heap after
{Heap after GC invocations=1299 (full 3):
 PSYoungGen      total 3072K, used 256K [0x00000000d5580000, 0x00000000d5a00000, 0x0000000100000000)
  eden space 2560K, 0% used [0x00000000d5580000,0x00000000d5580000,0x00000000d5800000)
  from space 512K, 50% used [0x00000000d5980000,0x00000000d59c0020,0x00000000d5a00000)
  to   space 1024K, 0% used [0x00000000d5800000,0x00000000d5800000,0x00000000d5900000)
 ParOldGen       total 823808K, used 823778K [0x0000000080000000, 0x00000000b2480000, 0x00000000d5580000)
  object space 823808K, 99% used [0x0000000080000000,0x00000000b2478ad0,0x00000000b2480000)
 Metaspace       used 68261K, committed 69824K, reserved 1114112K
  class space    used 6995K, committed 7680K, reserved 1048576K
}
Event: 61.609 GC heap before
{Heap before GC invocations=1300 (full 3):
 PSYoungGen      total 3072K, used 2219K [0x00000000d5580000, 0x00000000d5a00000, 0x0000000100000000)
  eden space 2560K, 76% used [0x00000000d5580000,0x00000000d576ad28,0x00000000d5800000)
  from space 512K, 50% used [0x00000000d5980000,0x00000000d59c0020,0x00000000d5a00000)
  to   space 1024K, 0% used [0x00000000d5800000,0x00000000d5800000,0x00000000d5900000)
 ParOldGen       total 823808K, used 823778K [0x0000000080000000, 0x00000000b2480000, 0x00000000d5580000)
  object space 823808K, 99% used [0x0000000080000000,0x00000000b2478ad0,0x00000000b2480000)
 Metaspace       used 68261K, committed 69824K, reserved 1114112K
  class space    used 6995K, committed 7680K, reserved 1048576K
}
Event: 61.610 GC heap after
{Heap after GC invocations=1300 (full 3):
 PSYoungGen      total 3584K, used 224K [0x00000000d5580000, 0x00000000d5a00000, 0x0000000100000000)
  eden space 2560K, 0% used [0x00000000d5580000,0x00000000d5580000,0x00000000d5800000)
  from space 1024K, 21% used [0x00000000d5800000,0x00000000d5838000,0x00000000d5900000)
  to   space 512K, 0% used [0x00000000d5980000,0x00000000d5980000,0x00000000d5a00000)
 ParOldGen       total 824320K, used 823890K [0x0000000080000000, 0x00000000b2500000, 0x00000000d5580000)
  object space 824320K, 99% used [0x0000000080000000,0x00000000b2494af0,0x00000000b2500000)
 Metaspace       used 68261K, committed 69824K, reserved 1114112K
  class space    used 6995K, committed 7680K, reserved 1048576K
}
Event: 61.641 GC heap before
{Heap before GC invocations=1301 (full 3):
 PSYoungGen      total 3584K, used 2784K [0x00000000d5580000, 0x00000000d5a00000, 0x0000000100000000)
  eden space 2560K, 100% used [0x00000000d5580000,0x00000000d5800000,0x00000000d5800000)
  from space 1024K, 21% used [0x00000000d5800000,0x00000000d5838000,0x00000000d5900000)
  to   space 512K, 0% used [0x00000000d5980000,0x00000000d5980000,0x00000000d5a00000)
 ParOldGen       total 824320K, used 823890K [0x0000000080000000, 0x00000000b2500000, 0x00000000d5580000)
  object space 824320K, 99% used [0x0000000080000000,0x00000000b2494af0,0x00000000b2500000)
 Metaspace       used 68262K, committed 69824K, reserved 1114112K
  class space    used 6995K, committed 7680K, reserved 1048576K
}
Event: 61.642 GC heap after
{Heap after GC invocations=1301 (full 3):
 PSYoungGen      total 3072K, used 301K [0x00000000d5580000, 0x00000000d5a00000, 0x0000000100000000)
  eden space 2560K, 0% used [0x00000000d5580000,0x00000000d5580000,0x00000000d5800000)
  from space 512K, 58% used [0x00000000d5980000,0x00000000d59cb770,0x00000000d5a00000)
  to   space 512K, 0% used [0x00000000d5900000,0x00000000d5900000,0x00000000d5980000)
 ParOldGen       total 824320K, used 823922K [0x0000000080000000, 0x00000000b2500000, 0x00000000d5580000)
  object space 824320K, 99% used [0x0000000080000000,0x00000000b249caf0,0x00000000b2500000)
 Metaspace       used 68262K, committed 69824K, reserved 1114112K
  class space    used 6995K, committed 7680K, reserved 1048576K
}
Event: 61.690 GC heap before
{Heap before GC invocations=1302 (full 3):
 PSYoungGen      total 3072K, used 2861K [0x00000000d5580000, 0x00000000d5a00000, 0x0000000100000000)
  eden space 2560K, 100% used [0x00000000d5580000,0x00000000d5800000,0x00000000d5800000)
  from space 512K, 58% used [0x00000000d5980000,0x00000000d59cb770,0x00000000d5a00000)
  to   space 512K, 0% used [0x00000000d5900000,0x00000000d5900000,0x00000000d5980000)
 ParOldGen       total 824320K, used 823922K [0x0000000080000000, 0x00000000b2500000, 0x00000000d5580000)
  object space 824320K, 99% used [0x0000000080000000,0x00000000b249caf0,0x00000000b2500000)
 Metaspace       used 68262K, committed 69824K, reserved 1114112K
  class space    used 6995K, committed 7680K, reserved 1048576K
}
Event: 61.692 GC heap after
{Heap after GC invocations=1302 (full 3):
 PSYoungGen      total 3072K, used 224K [0x00000000d5580000, 0x00000000d5a00000, 0x0000000100000000)
  eden space 2560K, 0% used [0x00000000d5580000,0x00000000d5580000,0x00000000d5800000)
  from space 512K, 43% used [0x00000000d5900000,0x00000000d5938000,0x00000000d5980000)
  to   space 512K, 0% used [0x00000000d5980000,0x00000000d5980000,0x00000000d5a00000)
 ParOldGen       total 824320K, used 823970K [0x0000000080000000, 0x00000000b2500000, 0x00000000d5580000)
  object space 824320K, 99% used [0x0000000080000000,0x00000000b24a8af0,0x00000000b2500000)
 Metaspace       used 68262K, committed 69824K, reserved 1114112K
  class space    used 6995K, committed 7680K, reserved 1048576K
}
Event: 61.908 GC heap before
{Heap before GC invocations=1303 (full 3):
 PSYoungGen      total 3072K, used 2783K [0x00000000d5580000, 0x00000000d5a00000, 0x0000000100000000)
  eden space 2560K, 99% used [0x00000000d5580000,0x00000000d57fffa8,0x00000000d5800000)
  from space 512K, 43% used [0x00000000d5900000,0x00000000d5938000,0x00000000d5980000)
  to   space 512K, 0% used [0x00000000d5980000,0x00000000d5980000,0x00000000d5a00000)
 ParOldGen       total 824320K, used 823970K [0x0000000080000000, 0x00000000b2500000, 0x00000000d5580000)
  object space 824320K, 99% used [0x0000000080000000,0x00000000b24a8af0,0x00000000b2500000)
 Metaspace       used 68267K, committed 69824K, reserved 1114112K
  class space    used 6995K, committed 7680K, reserved 1048576K
}
Event: 61.909 GC heap after
{Heap after GC invocations=1303 (full 3):
 PSYoungGen      total 3072K, used 224K [0x00000000d5580000, 0x00000000d5a00000, 0x0000000100000000)
  eden space 2560K, 0% used [0x00000000d5580000,0x00000000d5580000,0x00000000d5800000)
  from space 512K, 43% used [0x00000000d5980000,0x00000000d59b8000,0x00000000d5a00000)
  to   space 512K, 0% used [0x00000000d5900000,0x00000000d5900000,0x00000000d5980000)
 ParOldGen       total 824320K, used 824026K [0x0000000080000000, 0x00000000b2500000, 0x00000000d5580000)
  object space 824320K, 99% used [0x0000000080000000,0x00000000b24b6af0,0x00000000b2500000)
 Metaspace       used 68267K, committed 69824K, reserved 1114112K
  class space    used 6995K, committed 7680K, reserved 1048576K
}

