# JRE version: OpenJDK Runtime Environment Temurin-21.0.8+9 (21.0.8+9) (build 21.0.8+9-LTS)
# Java VM: OpenJDK 64-Bit Server VM Temurin-21.0.8+9 (21.0.8+9-LTS, mixed mode, sharing, tiered, compressed oops, compressed class ptrs, parallel gc, windows-amd64)
GC Precious Log:
 CardTable entry size: 512
 CPUs: 8 total, 8 available
 Memory: 8025M
 Large Page Support: Disabled
 NUMA Support: Disabled
 Compressed Oops: Enabled (32-bit)
 Alignments: Space 512K, Generation 512K, Heap 2M
 Heap Min Capacity: 100M
 Heap Initial Capacity: 100M
 Heap Max Capacity: 2G
 Pre-touch: Disabled
 Parallel Workers: 8
Heap:
 PSYoungGen      total 4608K, used 3553K [0x00000000d5580000, 0x00000000d5b80000, 0x0000000100000000)
  eden space 4096K, 74% used [0x00000000d5580000,0x00000000d587dbb0,0x00000000d5980000)
  from space 512K, 95% used [0x00000000d5a00000,0x00000000d5a7a910,0x00000000d5a80000)
  to   space 1024K, 0% used [0x00000000d5a80000,0x00000000d5a80000,0x00000000d5b80000)
 ParOldGen       total 1368064K, used 1367752K [0x0000000080000000, 0x00000000d3800000, 0x00000000d5580000)
  object space 1368064K, 99% used [0x0000000080000000,0x00000000d37b2368,0x00000000d3800000)
 Metaspace       used 88571K, committed 90368K, reserved 1179648K
  class space    used 9153K, committed 9984K, reserved 1048576K
GC Heap History (20 events):
Event: 194.215 GC heap before
{Heap before GC invocations=2172 (full 4):
 PSYoungGen      total 3072K, used 3034K [0x00000000d5580000, 0x00000000d5b80000, 0x0000000100000000)
  eden space 2560K, 100% used [0x00000000d5580000,0x00000000d5800000,0x00000000d5800000)
  from space 512K, 92% used [0x00000000d5a80000,0x00000000d5af6900,0x00000000d5b00000)
  to   space 512K, 0% used [0x00000000d5b00000,0x00000000d5b00000,0x00000000d5b80000)
 ParOldGen       total 1365504K, used 1365302K [0x0000000080000000, 0x00000000d3580000, 0x00000000d5580000)
  object space 1365504K, 99% used [0x0000000080000000,0x00000000d354dab8,0x00000000d3580000)
 Metaspace       used 88058K, committed 89792K, reserved 1179648K
  class space    used 9113K, committed 9856K, reserved 1048576K
}
Event: 194.219 GC heap after
{Heap after GC invocations=2172 (full 4):
 PSYoungGen      total 3584K, used 320K [0x00000000d5580000, 0x00000000d5b80000, 0x0000000100000000)
  eden space 3072K, 0% used [0x00000000d5580000,0x00000000d5580000,0x00000000d5880000)
  from space 512K, 62% used [0x00000000d5b00000,0x00000000d5b50000,0x00000000d5b80000)
  to   space 512K, 0% used [0x00000000d5a80000,0x00000000d5a80000,0x00000000d5b00000)
 ParOldGen       total 1366016K, used 1365659K [0x0000000080000000, 0x00000000d3600000, 0x00000000d5580000)
  object space 1366016K, 99% used [0x0000000080000000,0x00000000d35a6cc8,0x00000000d3600000)
 Metaspace       used 88058K, committed 89792K, reserved 1179648K
  class space    used 9113K, committed 9856K, reserved 1048576K
}
Event: 311.585 GC heap before
{Heap before GC invocations=2173 (full 4):
 PSYoungGen      total 3584K, used 3391K [0x00000000d5580000, 0x00000000d5b80000, 0x0000000100000000)
  eden space 3072K, 99% used [0x00000000d5580000,0x00000000d587fff0,0x00000000d5880000)
  from space 512K, 62% used [0x00000000d5b00000,0x00000000d5b50000,0x00000000d5b80000)
  to   space 512K, 0% used [0x00000000d5a80000,0x00000000d5a80000,0x00000000d5b00000)
 ParOldGen       total 1366016K, used 1365659K [0x0000000080000000, 0x00000000d3600000, 0x00000000d5580000)
  object space 1366016K, 99% used [0x0000000080000000,0x00000000d35a6cc8,0x00000000d3600000)
 Metaspace       used 88341K, committed 90176K, reserved 1179648K
  class space    used 9140K, committed 9984K, reserved 1048576K
}
Event: 311.587 GC heap after
{Heap after GC invocations=2173 (full 4):
 PSYoungGen      total 4608K, used 320K [0x00000000d5580000, 0x00000000d5b80000, 0x0000000100000000)
  eden space 4096K, 0% used [0x00000000d5580000,0x00000000d5580000,0x00000000d5980000)
  from space 512K, 62% used [0x00000000d5a80000,0x00000000d5ad0000,0x00000000d5b00000)
  to   space 512K, 0% used [0x00000000d5b00000,0x00000000d5b00000,0x00000000d5b80000)
 ParOldGen       total 1366016K, used 1365915K [0x0000000080000000, 0x00000000d3600000, 0x00000000d5580000)
  object space 1366016K, 99% used [0x0000000080000000,0x00000000d35e6cc8,0x00000000d3600000)
 Metaspace       used 88341K, committed 90176K, reserved 1179648K
  class space    used 9140K, committed 9984K, reserved 1048576K
}
Event: 364.543 GC heap before
{Heap before GC invocations=2174 (full 4):
 PSYoungGen      total 4608K, used 4416K [0x00000000d5580000, 0x00000000d5b80000, 0x0000000100000000)
  eden space 4096K, 100% used [0x00000000d5580000,0x00000000d5980000,0x00000000d5980000)
  from space 512K, 62% used [0x00000000d5a80000,0x00000000d5ad0000,0x00000000d5b00000)
  to   space 512K, 0% used [0x00000000d5b00000,0x00000000d5b00000,0x00000000d5b80000)
 ParOldGen       total 1366016K, used 1365915K [0x0000000080000000, 0x00000000d3600000, 0x00000000d5580000)
  object space 1366016K, 99% used [0x0000000080000000,0x00000000d35e6cc8,0x00000000d3600000)
 Metaspace       used 88518K, committed 90368K, reserved 1179648K
  class space    used 9153K, committed 9984K, reserved 1048576K
}
Event: 364.548 GC heap after
{Heap after GC invocations=2174 (full 4):
 PSYoungGen      total 4608K, used 500K [0x00000000d5580000, 0x00000000d5b80000, 0x0000000100000000)
  eden space 4096K, 0% used [0x00000000d5580000,0x00000000d5580000,0x00000000d5980000)
  from space 512K, 97% used [0x00000000d5b00000,0x00000000d5b7d200,0x00000000d5b80000)
  to   space 1024K, 0% used [0x00000000d5980000,0x00000000d5980000,0x00000000d5a80000)
 ParOldGen       total 1366528K, used 1366127K [0x0000000080000000, 0x00000000d3680000, 0x00000000d5580000)
  object space 1366528K, 99% used [0x0000000080000000,0x00000000d361bf48,0x00000000d3680000)
 Metaspace       used 88518K, committed 90368K, reserved 1179648K
  class space    used 9153K, committed 9984K, reserved 1048576K
}
Event: 366.259 GC heap before
{Heap before GC invocations=2175 (full 4):
 PSYoungGen      total 4608K, used 4596K [0x00000000d5580000, 0x00000000d5b80000, 0x0000000100000000)
  eden space 4096K, 100% used [0x00000000d5580000,0x00000000d5980000,0x00000000d5980000)
  from space 512K, 97% used [0x00000000d5b00000,0x00000000d5b7d200,0x00000000d5b80000)
  to   space 1024K, 0% used [0x00000000d5980000,0x00000000d5980000,0x00000000d5a80000)
 ParOldGen       total 1366528K, used 1366127K [0x0000000080000000, 0x00000000d3680000, 0x00000000d5580000)
  object space 1366528K, 99% used [0x0000000080000000,0x00000000d361bf48,0x00000000d3680000)
 Metaspace       used 88520K, committed 90368K, reserved 1179648K
  class space    used 9153K, committed 9984K, reserved 1048576K
}
Event: 366.261 GC heap after
{Heap after GC invocations=2175 (full 4):
 PSYoungGen      total 5120K, used 224K [0x00000000d5580000, 0x00000000d5b80000, 0x0000000100000000)
  eden space 4096K, 0% used [0x00000000d5580000,0x00000000d5580000,0x00000000d5980000)
  from space 1024K, 21% used [0x00000000d5980000,0x00000000d59b8000,0x00000000d5a80000)
  to   space 512K, 0% used [0x00000000d5b00000,0x00000000d5b00000,0x00000000d5b80000)
 ParOldGen       total 1366528K, used 1366255K [0x0000000080000000, 0x00000000d3680000, 0x00000000d5580000)
  object space 1366528K, 99% used [0x0000000080000000,0x00000000d363bf48,0x00000000d3680000)
 Metaspace       used 88520K, committed 90368K, reserved 1179648K
  class space    used 9153K, committed 9984K, reserved 1048576K
}
Event: 367.018 GC heap before
{Heap before GC invocations=2176 (full 4):
 PSYoungGen      total 5120K, used 4320K [0x00000000d5580000, 0x00000000d5b80000, 0x0000000100000000)
  eden space 4096K, 100% used [0x00000000d5580000,0x00000000d5980000,0x00000000d5980000)
  from space 1024K, 21% used [0x00000000d5980000,0x00000000d59b8000,0x00000000d5a80000)
  to   space 512K, 0% used [0x00000000d5b00000,0x00000000d5b00000,0x00000000d5b80000)
 ParOldGen       total 1366528K, used 1366255K [0x0000000080000000, 0x00000000d3680000, 0x00000000d5580000)
  object space 1366528K, 99% used [0x0000000080000000,0x00000000d363bf48,0x00000000d3680000)
 Metaspace       used 88524K, committed 90368K, reserved 1179648K
  class space    used 9153K, committed 9984K, reserved 1048576K
}
Event: 367.021 GC heap after
{Heap after GC invocations=2176 (full 4):
 PSYoungGen      total 4608K, used 496K [0x00000000d5580000, 0x00000000d5b80000, 0x0000000100000000)
  eden space 4096K, 0% used [0x00000000d5580000,0x00000000d5580000,0x00000000d5980000)
  from space 512K, 96% used [0x00000000d5b00000,0x00000000d5b7c010,0x00000000d5b80000)
  to   space 1024K, 0% used [0x00000000d5980000,0x00000000d5980000,0x00000000d5a80000)
 ParOldGen       total 1366528K, used 1366303K [0x0000000080000000, 0x00000000d3680000, 0x00000000d5580000)
  object space 1366528K, 99% used [0x0000000080000000,0x00000000d3647f48,0x00000000d3680000)
 Metaspace       used 88524K, committed 90368K, reserved 1179648K
  class space    used 9153K, committed 9984K, reserved 1048576K
}
Event: 419.569 GC heap before
{Heap before GC invocations=2177 (full 4):
 PSYoungGen      total 4608K, used 4592K [0x00000000d5580000, 0x00000000d5b80000, 0x0000000100000000)
  eden space 4096K, 100% used [0x00000000d5580000,0x00000000d5980000,0x00000000d5980000)
  from space 512K, 96% used [0x00000000d5b00000,0x00000000d5b7c010,0x00000000d5b80000)
  to   space 1024K, 0% used [0x00000000d5980000,0x00000000d5980000,0x00000000d5a80000)
 ParOldGen       total 1366528K, used 1366303K [0x0000000080000000, 0x00000000d3680000, 0x00000000d5580000)
  object space 1366528K, 99% used [0x0000000080000000,0x00000000d3647f48,0x00000000d3680000)
 Metaspace       used 88535K, committed 90368K, reserved 1179648K
  class space    used 9153K, committed 9984K, reserved 1048576K
}
Event: 419.576 GC heap after
{Heap after GC invocations=2177 (full 4):
 PSYoungGen      total 5120K, used 372K [0x00000000d5580000, 0x00000000d5b80000, 0x0000000100000000)
  eden space 4096K, 0% used [0x00000000d5580000,0x00000000d5580000,0x00000000d5980000)
  from space 1024K, 36% used [0x00000000d5980000,0x00000000d59dd200,0x00000000d5a80000)
  to   space 512K, 0% used [0x00000000d5b00000,0x00000000d5b00000,0x00000000d5b80000)
 ParOldGen       total 1367040K, used 1366772K [0x0000000080000000, 0x00000000d3700000, 0x00000000d5580000)
  object space 1367040K, 99% used [0x0000000080000000,0x00000000d36bd158,0x00000000d3700000)
 Metaspace       used 88535K, committed 90368K, reserved 1179648K
  class space    used 9153K, committed 9984K, reserved 1048576K
}
Event: 419.589 GC heap before
{Heap before GC invocations=2178 (full 4):
 PSYoungGen      total 5120K, used 4468K [0x00000000d5580000, 0x00000000d5b80000, 0x0000000100000000)
  eden space 4096K, 100% used [0x00000000d5580000,0x00000000d5980000,0x00000000d5980000)
  from space 1024K, 36% used [0x00000000d5980000,0x00000000d59dd200,0x00000000d5a80000)
  to   space 512K, 0% used [0x00000000d5b00000,0x00000000d5b00000,0x00000000d5b80000)
 ParOldGen       total 1367040K, used 1366772K [0x0000000080000000, 0x00000000d3700000, 0x00000000d5580000)
  object space 1367040K, 99% used [0x0000000080000000,0x00000000d36bd158,0x00000000d3700000)
 Metaspace       used 88535K, committed 90368K, reserved 1179648K
  class space    used 9153K, committed 9984K, reserved 1048576K
}
Event: 419.593 GC heap after
{Heap after GC invocations=2178 (full 4):
 PSYoungGen      total 4608K, used 496K [0x00000000d5580000, 0x00000000d5b80000, 0x0000000100000000)
  eden space 4096K, 0% used [0x00000000d5580000,0x00000000d5580000,0x00000000d5980000)
  from space 512K, 96% used [0x00000000d5b00000,0x00000000d5b7c010,0x00000000d5b80000)
  to   space 1024K, 0% used [0x00000000d5980000,0x00000000d5980000,0x00000000d5a80000)
 ParOldGen       total 1367552K, used 1367056K [0x0000000080000000, 0x00000000d3780000, 0x00000000d5580000)
  object space 1367552K, 99% used [0x0000000080000000,0x00000000d3704358,0x00000000d3780000)
 Metaspace       used 88535K, committed 90368K, reserved 1179648K
  class space    used 9153K, committed 9984K, reserved 1048576K
}
Event: 430.071 GC heap before
{Heap before GC invocations=2179 (full 4):
 PSYoungGen      total 4608K, used 4592K [0x00000000d5580000, 0x00000000d5b80000, 0x0000000100000000)
  eden space 4096K, 100% used [0x00000000d5580000,0x00000000d5980000,0x00000000d5980000)
  from space 512K, 96% used [0x00000000d5b00000,0x00000000d5b7c010,0x00000000d5b80000)
  to   space 1024K, 0% used [0x00000000d5980000,0x00000000d5980000,0x00000000d5a80000)
 ParOldGen       total 1367552K, used 1367056K [0x0000000080000000, 0x00000000d3780000, 0x00000000d5580000)
  object space 1367552K, 99% used [0x0000000080000000,0x00000000d3704358,0x00000000d3780000)
 Metaspace       used 88543K, committed 90368K, reserved 1179648K
  class space    used 9153K, committed 9984K, reserved 1048576K
}
Event: 430.075 GC heap after
{Heap after GC invocations=2179 (full 4):
 PSYoungGen      total 5120K, used 570K [0x00000000d5580000, 0x00000000d5b80000, 0x0000000100000000)
  eden space 4096K, 0% used [0x00000000d5580000,0x00000000d5580000,0x00000000d5980000)
  from space 1024K, 55% used [0x00000000d5980000,0x00000000d5a0e900,0x00000000d5a80000)
  to   space 1024K, 0% used [0x00000000d5a80000,0x00000000d5a80000,0x00000000d5b80000)
 ParOldGen       total 1368064K, used 1367568K [0x0000000080000000, 0x00000000d3800000, 0x00000000d5580000)
  object space 1368064K, 99% used [0x0000000080000000,0x00000000d3784368,0x00000000d3800000)
 Metaspace       used 88543K, committed 90368K, reserved 1179648K
  class space    used 9153K, committed 9984K, reserved 1048576K
}
Event: 529.851 GC heap before
{Heap before GC invocations=2180 (full 4):
 PSYoungGen      total 5120K, used 4666K [0x00000000d5580000, 0x00000000d5b80000, 0x0000000100000000)
  eden space 4096K, 100% used [0x00000000d5580000,0x00000000d5980000,0x00000000d5980000)
  from space 1024K, 55% used [0x00000000d5980000,0x00000000d5a0e900,0x00000000d5a80000)
  to   space 1024K, 0% used [0x00000000d5a80000,0x00000000d5a80000,0x00000000d5b80000)
 ParOldGen       total 1368064K, used 1367568K [0x0000000080000000, 0x00000000d3800000, 0x00000000d5580000)
  object space 1368064K, 99% used [0x0000000080000000,0x00000000d3784368,0x00000000d3800000)
 Metaspace       used 88567K, committed 90368K, reserved 1179648K
  class space    used 9153K, committed 9984K, reserved 1048576K
}
Event: 529.856 GC heap after
{Heap after GC invocations=2180 (full 4):
 PSYoungGen      total 4608K, used 224K [0x00000000d5580000, 0x00000000d5b00000, 0x0000000100000000)
  eden space 4096K, 0% used [0x00000000d5580000,0x00000000d5580000,0x00000000d5980000)
  from space 512K, 43% used [0x00000000d5a80000,0x00000000d5ab8000,0x00000000d5b00000)
  to   space 512K, 0% used [0x00000000d5a00000,0x00000000d5a00000,0x00000000d5a80000)
 ParOldGen       total 1368064K, used 1367712K [0x0000000080000000, 0x00000000d3800000, 0x00000000d5580000)
  object space 1368064K, 99% used [0x0000000080000000,0x00000000d37a8368,0x00000000d3800000)
 Metaspace       used 88567K, committed 90368K, reserved 1179648K
  class space    used 9153K, committed 9984K, reserved 1048576K
}
Event: 529.886 GC heap before
{Heap before GC invocations=2181 (full 4):
 PSYoungGen      total 4608K, used 4319K [0x00000000d5580000, 0x00000000d5b00000, 0x0000000100000000)
  eden space 4096K, 99% used [0x00000000d5580000,0x00000000d597fff8,0x00000000d5980000)
  from space 512K, 43% used [0x00000000d5a80000,0x00000000d5ab8000,0x00000000d5b00000)
  to   space 512K, 0% used [0x00000000d5a00000,0x00000000d5a00000,0x00000000d5a80000)
 ParOldGen       total 1368064K, used 1367712K [0x0000000080000000, 0x00000000d3800000, 0x00000000d5580000)
  object space 1368064K, 99% used [0x0000000080000000,0x00000000d37a8368,0x00000000d3800000)
 Metaspace       used 88568K, committed 90368K, reserved 1179648K
  class space    used 9153K, committed 9984K, reserved 1048576K
}
Event: 529.890 GC heap after
{Heap after GC invocations=2181 (full 4):
 PSYoungGen      total 4608K, used 490K [0x00000000d5580000, 0x00000000d5b80000, 0x0000000100000000)
  eden space 4096K, 0% used [0x00000000d5580000,0x00000000d5580000,0x00000000d5980000)
  from space 512K, 95% used [0x00000000d5a00000,0x00000000d5a7a910,0x00000000d5a80000)
  to   space 1024K, 0% used [0x00000000d5a80000,0x00000000d5a80000,0x00000000d5b80000)
 ParOldGen       total 1368064K, used 1367752K [0x0000000080000000, 0x00000000d3800000, 0x00000000d5580000)
  object space 1368064K, 99% used [0x0000000080000000,0x00000000d37b2368,0x00000000d3800000)
 Metaspace       used 88568K, committed 90368K, reserved 1179648K
  class space    used 9153K, committed 9984K, reserved 1048576K
}

