# JRE version: OpenJDK Runtime Environment Temurin-21.0.8+9 (21.0.8+9) (build 21.0.8+9-LTS)
# Java VM: OpenJDK 64-Bit Server VM Temurin-21.0.8+9 (21.0.8+9-LTS, mixed mode, sharing, tiered, compressed oops, compressed class ptrs, parallel gc, windows-amd64)
GC Precious Log:
 CardTable entry size: 512
 CPUs: 8 total, 8 available
 Memory: 8025M
 Large Page Support: Disabled
 NUMA Support: Disabled
 Compressed Oops: Enabled (32-bit)
 Alignments: Space 512K, Generation 512K, Heap 2M
 Heap Min Capacity: 100M
 Heap Initial Capacity: 100M
 Heap Max Capacity: 2G
 Pre-touch: Disabled
 Parallel Workers: 8
Heap:
 PSYoungGen      total 7680K, used 7011K [0x00000000d5580000, 0x00000000d6700000, 0x0000000100000000)
  eden space 3584K, 82% used [0x00000000d5580000,0x00000000d5860d60,0x00000000d5900000)
  from space 4096K, 99% used [0x00000000d5f00000,0x00000000d62f8010,0x00000000d6300000)
  to   space 6144K, 0% used [0x00000000d5900000,0x00000000d5900000,0x00000000d5f00000)
 ParOldGen       total 691712K, used 691216K [0x0000000080000000, 0x00000000aa380000, 0x00000000d5580000)
  object space 691712K, 99% used [0x0000000080000000,0x00000000aa304160,0x00000000aa380000)
 Metaspace       used 95035K, committed 96960K, reserved 1179648K
  class space    used 9435K, committed 10368K, reserved 1048576K
GC Heap History (20 events):
Event: 2015.843 GC heap before
{Heap before GC invocations=5560 (full 10):
 PSYoungGen      total 6656K, used 6272K [0x00000000d5580000, 0x00000000d5d00000, 0x0000000100000000)
  eden space 5632K, 100% used [0x00000000d5580000,0x00000000d5b00000,0x00000000d5b00000)
  from space 1024K, 62% used [0x00000000d5c00000,0x00000000d5ca0000,0x00000000d5d00000)
  to   space 1024K, 0% used [0x00000000d5b00000,0x00000000d5b00000,0x00000000d5c00000)
 ParOldGen       total 683008K, used 682674K [0x0000000080000000, 0x00000000a9b00000, 0x00000000d5580000)
  object space 683008K, 99% used [0x0000000080000000,0x00000000a9aac9a0,0x00000000a9b00000)
 Metaspace       used 94940K, committed 96896K, reserved 1179648K
  class space    used 9423K, committed 10368K, reserved 1048576K
}
Event: 2015.845 GC heap after
{Heap after GC invocations=5560 (full 10):
 PSYoungGen      total 6656K, used 544K [0x00000000d5580000, 0x00000000d5d00000, 0x0000000100000000)
  eden space 5632K, 0% used [0x00000000d5580000,0x00000000d5580000,0x00000000d5b00000)
  from space 1024K, 53% used [0x00000000d5b00000,0x00000000d5b88000,0x00000000d5c00000)
  to   space 1024K, 0% used [0x00000000d5c00000,0x00000000d5c00000,0x00000000d5d00000)
 ParOldGen       total 683520K, used 683154K [0x0000000080000000, 0x00000000a9b80000, 0x00000000d5580000)
  object space 683520K, 99% used [0x0000000080000000,0x00000000a9b24a00,0x00000000a9b80000)
 Metaspace       used 94940K, committed 96896K, reserved 1179648K
  class space    used 9423K, committed 10368K, reserved 1048576K
}
Event: 2015.855 GC heap before
{Heap before GC invocations=5561 (full 10):
 PSYoungGen      total 6656K, used 6176K [0x00000000d5580000, 0x00000000d5d00000, 0x0000000100000000)
  eden space 5632K, 100% used [0x00000000d5580000,0x00000000d5b00000,0x00000000d5b00000)
  from space 1024K, 53% used [0x00000000d5b00000,0x00000000d5b88000,0x00000000d5c00000)
  to   space 1024K, 0% used [0x00000000d5c00000,0x00000000d5c00000,0x00000000d5d00000)
 ParOldGen       total 683520K, used 683154K [0x0000000080000000, 0x00000000a9b80000, 0x00000000d5580000)
  object space 683520K, 99% used [0x0000000080000000,0x00000000a9b24a00,0x00000000a9b80000)
 Metaspace       used 94940K, committed 96896K, reserved 1179648K
  class space    used 9423K, committed 10368K, reserved 1048576K
}
Event: 2015.857 GC heap after
{Heap after GC invocations=5561 (full 10):
 PSYoungGen      total 6656K, used 698K [0x00000000d5580000, 0x00000000d5d00000, 0x0000000100000000)
  eden space 5632K, 0% used [0x00000000d5580000,0x00000000d5580000,0x00000000d5b00000)
  from space 1024K, 68% used [0x00000000d5c00000,0x00000000d5cae900,0x00000000d5d00000)
  to   space 1024K, 0% used [0x00000000d5b00000,0x00000000d5b00000,0x00000000d5c00000)
 ParOldGen       total 684032K, used 683578K [0x0000000080000000, 0x00000000a9c00000, 0x00000000d5580000)
  object space 684032K, 99% used [0x0000000080000000,0x00000000a9b8eba8,0x00000000a9c00000)
 Metaspace       used 94940K, committed 96896K, reserved 1179648K
  class space    used 9423K, committed 10368K, reserved 1048576K
}
Event: 2015.867 GC heap before
{Heap before GC invocations=5562 (full 10):
 PSYoungGen      total 6656K, used 6330K [0x00000000d5580000, 0x00000000d5d00000, 0x0000000100000000)
  eden space 5632K, 100% used [0x00000000d5580000,0x00000000d5b00000,0x00000000d5b00000)
  from space 1024K, 68% used [0x00000000d5c00000,0x00000000d5cae900,0x00000000d5d00000)
  to   space 1024K, 0% used [0x00000000d5b00000,0x00000000d5b00000,0x00000000d5c00000)
 ParOldGen       total 684032K, used 683578K [0x0000000080000000, 0x00000000a9c00000, 0x00000000d5580000)
  object space 684032K, 99% used [0x0000000080000000,0x00000000a9b8eba8,0x00000000a9c00000)
 Metaspace       used 94940K, committed 96896K, reserved 1179648K
  class space    used 9423K, committed 10368K, reserved 1048576K
}
Event: 2015.869 GC heap after
{Heap after GC invocations=5562 (full 10):
 PSYoungGen      total 6656K, used 788K [0x00000000d5580000, 0x00000000d5d00000, 0x0000000100000000)
  eden space 5632K, 0% used [0x00000000d5580000,0x00000000d5580000,0x00000000d5b00000)
  from space 1024K, 77% used [0x00000000d5b00000,0x00000000d5bc5200,0x00000000d5c00000)
  to   space 1024K, 0% used [0x00000000d5c00000,0x00000000d5c00000,0x00000000d5d00000)
 ParOldGen       total 684544K, used 684223K [0x0000000080000000, 0x00000000a9c80000, 0x00000000d5580000)
  object space 684544K, 99% used [0x0000000080000000,0x00000000a9c2fdd8,0x00000000a9c80000)
 Metaspace       used 94940K, committed 96896K, reserved 1179648K
  class space    used 9423K, committed 10368K, reserved 1048576K
}
Event: 2016.048 GC heap before
{Heap before GC invocations=5563 (full 10):
 PSYoungGen      total 6656K, used 6420K [0x00000000d5580000, 0x00000000d5d00000, 0x0000000100000000)
  eden space 5632K, 100% used [0x00000000d5580000,0x00000000d5b00000,0x00000000d5b00000)
  from space 1024K, 77% used [0x00000000d5b00000,0x00000000d5bc5200,0x00000000d5c00000)
  to   space 1024K, 0% used [0x00000000d5c00000,0x00000000d5c00000,0x00000000d5d00000)
 ParOldGen       total 684544K, used 684223K [0x0000000080000000, 0x00000000a9c80000, 0x00000000d5580000)
  object space 684544K, 99% used [0x0000000080000000,0x00000000a9c2fdd8,0x00000000a9c80000)
 Metaspace       used 94941K, committed 96896K, reserved 1179648K
  class space    used 9423K, committed 10368K, reserved 1048576K
}
Event: 2016.050 GC heap after
{Heap after GC invocations=5563 (full 10):
 PSYoungGen      total 6656K, used 612K [0x00000000d5580000, 0x00000000d5d00000, 0x0000000100000000)
  eden space 5632K, 0% used [0x00000000d5580000,0x00000000d5580000,0x00000000d5b00000)
  from space 1024K, 59% used [0x00000000d5c00000,0x00000000d5c99210,0x00000000d5d00000)
  to   space 1024K, 0% used [0x00000000d5b00000,0x00000000d5b00000,0x00000000d5c00000)
 ParOldGen       total 685056K, used 684904K [0x0000000080000000, 0x00000000a9d00000, 0x00000000d5580000)
  object space 685056K, 99% used [0x0000000080000000,0x00000000a9cda2a8,0x00000000a9d00000)
 Metaspace       used 94941K, committed 96896K, reserved 1179648K
  class space    used 9423K, committed 10368K, reserved 1048576K
}
Event: 2016.059 GC heap before
{Heap before GC invocations=5564 (full 10):
 PSYoungGen      total 6656K, used 6244K [0x00000000d5580000, 0x00000000d5d00000, 0x0000000100000000)
  eden space 5632K, 100% used [0x00000000d5580000,0x00000000d5b00000,0x00000000d5b00000)
  from space 1024K, 59% used [0x00000000d5c00000,0x00000000d5c99210,0x00000000d5d00000)
  to   space 1024K, 0% used [0x00000000d5b00000,0x00000000d5b00000,0x00000000d5c00000)
 ParOldGen       total 685056K, used 684904K [0x0000000080000000, 0x00000000a9d00000, 0x00000000d5580000)
  object space 685056K, 99% used [0x0000000080000000,0x00000000a9cda2a8,0x00000000a9d00000)
 Metaspace       used 94941K, committed 96896K, reserved 1179648K
  class space    used 9423K, committed 10368K, reserved 1048576K
}
Event: 2016.060 GC heap after
{Heap after GC invocations=5564 (full 10):
 PSYoungGen      total 6656K, used 672K [0x00000000d5580000, 0x00000000d5d00000, 0x0000000100000000)
  eden space 5632K, 0% used [0x00000000d5580000,0x00000000d5580000,0x00000000d5b00000)
  from space 1024K, 65% used [0x00000000d5b00000,0x00000000d5ba8000,0x00000000d5c00000)
  to   space 1024K, 0% used [0x00000000d5c00000,0x00000000d5c00000,0x00000000d5d00000)
 ParOldGen       total 685568K, used 685413K [0x0000000080000000, 0x00000000a9d80000, 0x00000000d5580000)
  object space 685568K, 99% used [0x0000000080000000,0x00000000a9d594d8,0x00000000a9d80000)
 Metaspace       used 94941K, committed 96896K, reserved 1179648K
  class space    used 9423K, committed 10368K, reserved 1048576K
}
Event: 2016.265 GC heap before
{Heap before GC invocations=5565 (full 10):
 PSYoungGen      total 6656K, used 6303K [0x00000000d5580000, 0x00000000d5d00000, 0x0000000100000000)
  eden space 5632K, 99% used [0x00000000d5580000,0x00000000d5affff8,0x00000000d5b00000)
  from space 1024K, 65% used [0x00000000d5b00000,0x00000000d5ba8000,0x00000000d5c00000)
  to   space 1024K, 0% used [0x00000000d5c00000,0x00000000d5c00000,0x00000000d5d00000)
 ParOldGen       total 685568K, used 685413K [0x0000000080000000, 0x00000000a9d80000, 0x00000000d5580000)
  object space 685568K, 99% used [0x0000000080000000,0x00000000a9d594d8,0x00000000a9d80000)
 Metaspace       used 94941K, committed 96896K, reserved 1179648K
  class space    used 9423K, committed 10368K, reserved 1048576K
}
Event: 2016.272 GC heap after
{Heap after GC invocations=5565 (full 10):
 PSYoungGen      total 6656K, used 772K [0x00000000d5580000, 0x00000000d5d00000, 0x0000000100000000)
  eden space 5632K, 0% used [0x00000000d5580000,0x00000000d5580000,0x00000000d5b00000)
  from space 1024K, 75% used [0x00000000d5c00000,0x00000000d5cc1210,0x00000000d5d00000)
  to   space 1024K, 0% used [0x00000000d5b00000,0x00000000d5b00000,0x00000000d5c00000)
 ParOldGen       total 686080K, used 686029K [0x0000000080000000, 0x00000000a9e00000, 0x00000000d5580000)
  object space 686080K, 99% used [0x0000000080000000,0x00000000a9df3518,0x00000000a9e00000)
 Metaspace       used 94941K, committed 96896K, reserved 1179648K
  class space    used 9423K, committed 10368K, reserved 1048576K
}
Event: 2016.296 GC heap before
{Heap before GC invocations=5566 (full 10):
 PSYoungGen      total 6656K, used 6404K [0x00000000d5580000, 0x00000000d5d00000, 0x0000000100000000)
  eden space 5632K, 100% used [0x00000000d5580000,0x00000000d5b00000,0x00000000d5b00000)
  from space 1024K, 75% used [0x00000000d5c00000,0x00000000d5cc1210,0x00000000d5d00000)
  to   space 1024K, 0% used [0x00000000d5b00000,0x00000000d5b00000,0x00000000d5c00000)
 ParOldGen       total 686080K, used 686029K [0x0000000080000000, 0x00000000a9e00000, 0x00000000d5580000)
  object space 686080K, 99% used [0x0000000080000000,0x00000000a9df3518,0x00000000a9e00000)
 Metaspace       used 94941K, committed 96896K, reserved 1179648K
  class space    used 9423K, committed 10368K, reserved 1048576K
}
Event: 2016.299 GC heap after
{Heap after GC invocations=5566 (full 10):
 PSYoungGen      total 6656K, used 820K [0x00000000d5580000, 0x00000000d5d00000, 0x0000000100000000)
  eden space 5632K, 0% used [0x00000000d5580000,0x00000000d5580000,0x00000000d5b00000)
  from space 1024K, 80% used [0x00000000d5b00000,0x00000000d5bcd220,0x00000000d5c00000)
  to   space 1024K, 0% used [0x00000000d5c00000,0x00000000d5c00000,0x00000000d5d00000)
 ParOldGen       total 687104K, used 686654K [0x0000000080000000, 0x00000000a9f00000, 0x00000000d5580000)
  object space 687104K, 99% used [0x0000000080000000,0x00000000a9e8f9c8,0x00000000a9f00000)
 Metaspace       used 94941K, committed 96896K, reserved 1179648K
  class space    used 9423K, committed 10368K, reserved 1048576K
}
Event: 2119.299 GC heap before
{Heap before GC invocations=5567 (full 10):
 PSYoungGen      total 6656K, used 6431K [0x00000000d5580000, 0x00000000d5d00000, 0x0000000100000000)
  eden space 5632K, 99% used [0x00000000d5580000,0x00000000d5afad58,0x00000000d5b00000)
  from space 1024K, 80% used [0x00000000d5b00000,0x00000000d5bcd220,0x00000000d5c00000)
  to   space 1024K, 0% used [0x00000000d5c00000,0x00000000d5c00000,0x00000000d5d00000)
 ParOldGen       total 687104K, used 686654K [0x0000000080000000, 0x00000000a9f00000, 0x00000000d5580000)
  object space 687104K, 99% used [0x0000000080000000,0x00000000a9e8f9c8,0x00000000a9f00000)
 Metaspace       used 94990K, committed 96960K, reserved 1179648K
  class space    used 9429K, committed 10368K, reserved 1048576K
}
Event: 2119.302 GC heap after
{Heap after GC invocations=5567 (full 10):
 PSYoungGen      total 6656K, used 617K [0x00000000d5580000, 0x00000000d5d00000, 0x0000000100000000)
  eden space 5632K, 0% used [0x00000000d5580000,0x00000000d5580000,0x00000000d5b00000)
  from space 1024K, 60% used [0x00000000d5c00000,0x00000000d5c9a788,0x00000000d5d00000)
  to   space 1024K, 0% used [0x00000000d5b00000,0x00000000d5b00000,0x00000000d5c00000)
 ParOldGen       total 687616K, used 687362K [0x0000000080000000, 0x00000000a9f80000, 0x00000000d5580000)
  object space 687616K, 99% used [0x0000000080000000,0x00000000a9f40bf8,0x00000000a9f80000)
 Metaspace       used 94990K, committed 96960K, reserved 1179648K
  class space    used 9429K, committed 10368K, reserved 1048576K
}
Event: 2119.347 GC heap before
{Heap before GC invocations=5568 (full 10):
 PSYoungGen      total 6656K, used 6249K [0x00000000d5580000, 0x00000000d5d00000, 0x0000000100000000)
  eden space 5632K, 99% used [0x00000000d5580000,0x00000000d5affff0,0x00000000d5b00000)
  from space 1024K, 60% used [0x00000000d5c00000,0x00000000d5c9a788,0x00000000d5d00000)
  to   space 1024K, 0% used [0x00000000d5b00000,0x00000000d5b00000,0x00000000d5c00000)
 ParOldGen       total 687616K, used 687362K [0x0000000080000000, 0x00000000a9f80000, 0x00000000d5580000)
  object space 687616K, 99% used [0x0000000080000000,0x00000000a9f40bf8,0x00000000a9f80000)
 Metaspace       used 95034K, committed 96960K, reserved 1179648K
  class space    used 9434K, committed 10368K, reserved 1048576K
}
Event: 2119.350 GC heap after
{Heap after GC invocations=5568 (full 10):
 PSYoungGen      total 6656K, used 1023K [0x00000000d5580000, 0x00000000d6300000, 0x0000000100000000)
  eden space 5632K, 0% used [0x00000000d5580000,0x00000000d5580000,0x00000000d5b00000)
  from space 1024K, 99% used [0x00000000d5b00000,0x00000000d5bffe60,0x00000000d5c00000)
  to   space 4096K, 0% used [0x00000000d5f00000,0x00000000d5f00000,0x00000000d6300000)
 ParOldGen       total 690176K, used 689743K [0x0000000080000000, 0x00000000aa200000, 0x00000000d5580000)
  object space 690176K, 99% used [0x0000000080000000,0x00000000aa193f88,0x00000000aa200000)
 Metaspace       used 95034K, committed 96960K, reserved 1179648K
  class space    used 9434K, committed 10368K, reserved 1048576K
}
Event: 2119.381 GC heap before
{Heap before GC invocations=5569 (full 10):
 PSYoungGen      total 6656K, used 6655K [0x00000000d5580000, 0x00000000d6300000, 0x0000000100000000)
  eden space 5632K, 100% used [0x00000000d5580000,0x00000000d5b00000,0x00000000d5b00000)
  from space 1024K, 99% used [0x00000000d5b00000,0x00000000d5bffe60,0x00000000d5c00000)
  to   space 4096K, 0% used [0x00000000d5f00000,0x00000000d5f00000,0x00000000d6300000)
 ParOldGen       total 690176K, used 689743K [0x0000000080000000, 0x00000000aa200000, 0x00000000d5580000)
  object space 690176K, 99% used [0x0000000080000000,0x00000000aa193f88,0x00000000aa200000)
 Metaspace       used 95034K, committed 96960K, reserved 1179648K
  class space    used 9434K, committed 10368K, reserved 1048576K
}
Event: 2119.384 GC heap after
{Heap after GC invocations=5569 (full 10):
 PSYoungGen      total 7680K, used 4064K [0x00000000d5580000, 0x00000000d6700000, 0x0000000100000000)
  eden space 3584K, 0% used [0x00000000d5580000,0x00000000d5580000,0x00000000d5900000)
  from space 4096K, 99% used [0x00000000d5f00000,0x00000000d62f8010,0x00000000d6300000)
  to   space 6144K, 0% used [0x00000000d5900000,0x00000000d5900000,0x00000000d5f00000)
 ParOldGen       total 691712K, used 691216K [0x0000000080000000, 0x00000000aa380000, 0x00000000d5580000)
  object space 691712K, 99% used [0x0000000080000000,0x00000000aa304160,0x00000000aa380000)
 Metaspace       used 95034K, committed 96960K, reserved 1179648K
  class space    used 9434K, committed 10368K, reserved 1048576K
}

